<?xml version="1.0" encoding="UTF-8"?>
<testsuite xmlns:xsi="http://www.w3.org/2001/XMLSchema-instance" xsi:noNamespaceSchemaLocation="https://maven.apache.org/surefire/maven-surefire-plugin/xsd/surefire-test-report-3.0.xsd" version="3.0" name="dio.springboot.PrimeirosPassosApplicationTests" time="3.613" tests="1" errors="0" skipped="0" failures="0">
  <properties>
    <property name="java.specification.version" value="21"/>
    <property name="sun.jnu.encoding" value="UTF-8"/>
    <property name="java.class.path" value="/home/xtirian/xTirian/DIO/projetos/BootcampSantanderDIO/9.SpringBoot/primeiros-passos/target/test-classes:/home/xtirian/xTirian/DIO/projetos/BootcampSantanderDIO/9.SpringBoot/primeiros-passos/target/classes:/home/xtirian/.m2/repository/org/springframework/boot/spring-boot-starter/3.1.5/spring-boot-starter-3.1.5.jar:/home/xtirian/.m2/repository/org/springframework/boot/spring-boot/3.1.5/spring-boot-3.1.5.jar:/home/xtirian/.m2/repository/org/springframework/spring-context/6.0.13/spring-context-6.0.13.jar:/home/xtirian/.m2/repository/org/springframework/spring-aop/6.0.13/spring-aop-6.0.13.jar:/home/xtirian/.m2/repository/org/springframework/spring-beans/6.0.13/spring-beans-6.0.13.jar:/home/xtirian/.m2/repository/org/springframework/spring-expression/6.0.13/spring-expression-6.0.13.jar:/home/xtirian/.m2/repository/org/springframework/boot/spring-boot-autoconfigure/3.1.5/spring-boot-autoconfigure-3.1.5.jar:/home/xtirian/.m2/repository/org/springframework/boot/spring-boot-starter-logging/3.1.5/spring-boot-starter-logging-3.1.5.jar:/home/xtirian/.m2/repository/ch/qos/logback/logback-classic/1.4.11/logback-classic-1.4.11.jar:/home/xtirian/.m2/repository/ch/qos/logback/logback-core/1.4.11/logback-core-1.4.11.jar:/home/xtirian/.m2/repository/org/apache/logging/log4j/log4j-to-slf4j/2.20.0/log4j-to-slf4j-2.20.0.jar:/home/xtirian/.m2/repository/org/apache/logging/log4j/log4j-api/2.20.0/log4j-api-2.20.0.jar:/home/xtirian/.m2/repository/org/slf4j/jul-to-slf4j/2.0.9/jul-to-slf4j-2.0.9.jar:/home/xtirian/.m2/repository/jakarta/annotation/jakarta.annotation-api/2.1.1/jakarta.annotation-api-2.1.1.jar:/home/xtirian/.m2/repository/org/springframework/spring-core/6.0.13/spring-core-6.0.13.jar:/home/xtirian/.m2/repository/org/springframework/spring-jcl/6.0.13/spring-jcl-6.0.13.jar:/home/xtirian/.m2/repository/org/yaml/snakeyaml/1.33/snakeyaml-1.33.jar:/home/xtirian/.m2/repository/org/springframework/boot/spring-boot-starter-test/3.1.5/spring-boot-starter-test-3.1.5.jar:/home/xtirian/.m2/repository/org/springframework/boot/spring-boot-test/3.1.5/spring-boot-test-3.1.5.jar:/home/xtirian/.m2/repository/org/springframework/boot/spring-boot-test-autoconfigure/3.1.5/spring-boot-test-autoconfigure-3.1.5.jar:/home/xtirian/.m2/repository/com/jayway/jsonpath/json-path/2.8.0/json-path-2.8.0.jar:/home/xtirian/.m2/repository/org/slf4j/slf4j-api/2.0.9/slf4j-api-2.0.9.jar:/home/xtirian/.m2/repository/jakarta/xml/bind/jakarta.xml.bind-api/4.0.1/jakarta.xml.bind-api-4.0.1.jar:/home/xtirian/.m2/repository/jakarta/activation/jakarta.activation-api/2.1.2/jakarta.activation-api-2.1.2.jar:/home/xtirian/.m2/repository/net/minidev/json-smart/2.4.11/json-smart-2.4.11.jar:/home/xtirian/.m2/repository/net/minidev/accessors-smart/2.4.11/accessors-smart-2.4.11.jar:/home/xtirian/.m2/repository/org/ow2/asm/asm/9.3/asm-9.3.jar:/home/xtirian/.m2/repository/org/assertj/assertj-core/3.24.2/assertj-core-3.24.2.jar:/home/xtirian/.m2/repository/net/bytebuddy/byte-buddy/1.14.9/byte-buddy-1.14.9.jar:/home/xtirian/.m2/repository/org/hamcrest/hamcrest/2.2/hamcrest-2.2.jar:/home/xtirian/.m2/repository/org/junit/jupiter/junit-jupiter/5.9.3/junit-jupiter-5.9.3.jar:/home/xtirian/.m2/repository/org/junit/jupiter/junit-jupiter-api/5.9.3/junit-jupiter-api-5.9.3.jar:/home/xtirian/.m2/repository/org/opentest4j/opentest4j/1.2.0/opentest4j-1.2.0.jar:/home/xtirian/.m2/repository/org/junit/platform/junit-platform-commons/1.9.3/junit-platform-commons-1.9.3.jar:/home/xtirian/.m2/repository/org/apiguardian/apiguardian-api/1.1.2/apiguardian-api-1.1.2.jar:/home/xtirian/.m2/repository/org/junit/jupiter/junit-jupiter-params/5.9.3/junit-jupiter-params-5.9.3.jar:/home/xtirian/.m2/repository/org/junit/jupiter/junit-jupiter-engine/5.9.3/junit-jupiter-engine-5.9.3.jar:/home/xtirian/.m2/repository/org/junit/platform/junit-platform-engine/1.9.3/junit-platform-engine-1.9.3.jar:/home/xtirian/.m2/repository/org/mockito/mockito-core/5.3.1/mockito-core-5.3.1.jar:/home/xtirian/.m2/repository/net/bytebuddy/byte-buddy-agent/1.14.9/byte-buddy-agent-1.14.9.jar:/home/xtirian/.m2/repository/org/objenesis/objenesis/3.3/objenesis-3.3.jar:/home/xtirian/.m2/repository/org/mockito/mockito-junit-jupiter/5.3.1/mockito-junit-jupiter-5.3.1.jar:/home/xtirian/.m2/repository/org/skyscreamer/jsonassert/1.5.1/jsonassert-1.5.1.jar:/home/xtirian/.m2/repository/com/vaadin/external/google/android-json/0.0.20131108.vaadin1/android-json-0.0.20131108.vaadin1.jar:/home/xtirian/.m2/repository/org/springframework/spring-test/6.0.13/spring-test-6.0.13.jar:/home/xtirian/.m2/repository/org/xmlunit/xmlunit-core/2.9.1/xmlunit-core-2.9.1.jar:"/>
    <property name="java.vm.vendor" value="Oracle Corporation"/>
    <property name="sun.arch.data.model" value="64"/>
    <property name="java.vendor.url" value="https://java.oracle.com/"/>
    <property name="user.timezone" value="America/Sao_Paulo"/>
    <property name="os.name" value="Linux"/>
    <property name="java.vm.specification.version" value="21"/>
    <property name="sun.java.launcher" value="SUN_STANDARD"/>
    <property name="user.country" value="BR"/>
    <property name="sun.boot.library.path" value="/usr/lib/jvm/jdk-21-oracle-x64/lib"/>
    <property name="sun.java.command" value="/home/xtirian/xTirian/DIO/projetos/BootcampSantanderDIO/9.SpringBoot/primeiros-passos/target/surefire/surefirebooter-20231019231027810_3.jar /home/xtirian/xTirian/DIO/projetos/BootcampSantanderDIO/9.SpringBoot/primeiros-passos/target/surefire 2023-10-19T23-10-27_110-jvmRun1 surefire-20231019231027810_1tmp surefire_0-20231019231027810_2tmp"/>
    <property name="jdk.debug" value="release"/>
    <property name="surefire.test.class.path" value="/home/xtirian/xTirian/DIO/projetos/BootcampSantanderDIO/9.SpringBoot/primeiros-passos/target/test-classes:/home/xtirian/xTirian/DIO/projetos/BootcampSantanderDIO/9.SpringBoot/primeiros-passos/target/classes:/home/xtirian/.m2/repository/org/springframework/boot/spring-boot-starter/3.1.5/spring-boot-starter-3.1.5.jar:/home/xtirian/.m2/repository/org/springframework/boot/spring-boot/3.1.5/spring-boot-3.1.5.jar:/home/xtirian/.m2/repository/org/springframework/spring-context/6.0.13/spring-context-6.0.13.jar:/home/xtirian/.m2/repository/org/springframework/spring-aop/6.0.13/spring-aop-6.0.13.jar:/home/xtirian/.m2/repository/org/springframework/spring-beans/6.0.13/spring-beans-6.0.13.jar:/home/xtirian/.m2/repository/org/springframework/spring-expression/6.0.13/spring-expression-6.0.13.jar:/home/xtirian/.m2/repository/org/springframework/boot/spring-boot-autoconfigure/3.1.5/spring-boot-autoconfigure-3.1.5.jar:/home/xtirian/.m2/repository/org/springframework/boot/spring-boot-starter-logging/3.1.5/spring-boot-starter-logging-3.1.5.jar:/home/xtirian/.m2/repository/ch/qos/logback/logback-classic/1.4.11/logback-classic-1.4.11.jar:/home/xtirian/.m2/repository/ch/qos/logback/logback-core/1.4.11/logback-core-1.4.11.jar:/home/xtirian/.m2/repository/org/apache/logging/log4j/log4j-to-slf4j/2.20.0/log4j-to-slf4j-2.20.0.jar:/home/xtirian/.m2/repository/org/apache/logging/log4j/log4j-api/2.20.0/log4j-api-2.20.0.jar:/home/xtirian/.m2/repository/org/slf4j/jul-to-slf4j/2.0.9/jul-to-slf4j-2.0.9.jar:/home/xtirian/.m2/repository/jakarta/annotation/jakarta.annotation-api/2.1.1/jakarta.annotation-api-2.1.1.jar:/home/xtirian/.m2/repository/org/springframework/spring-core/6.0.13/spring-core-6.0.13.jar:/home/xtirian/.m2/repository/org/springframework/spring-jcl/6.0.13/spring-jcl-6.0.13.jar:/home/xtirian/.m2/repository/org/yaml/snakeyaml/1.33/snakeyaml-1.33.jar:/home/xtirian/.m2/repository/org/springframework/boot/spring-boot-starter-test/3.1.5/spring-boot-starter-test-3.1.5.jar:/home/xtirian/.m2/repository/org/springframework/boot/spring-boot-test/3.1.5/spring-boot-test-3.1.5.jar:/home/xtirian/.m2/repository/org/springframework/boot/spring-boot-test-autoconfigure/3.1.5/spring-boot-test-autoconfigure-3.1.5.jar:/home/xtirian/.m2/repository/com/jayway/jsonpath/json-path/2.8.0/json-path-2.8.0.jar:/home/xtirian/.m2/repository/org/slf4j/slf4j-api/2.0.9/slf4j-api-2.0.9.jar:/home/xtirian/.m2/repository/jakarta/xml/bind/jakarta.xml.bind-api/4.0.1/jakarta.xml.bind-api-4.0.1.jar:/home/xtirian/.m2/repository/jakarta/activation/jakarta.activation-api/2.1.2/jakarta.activation-api-2.1.2.jar:/home/xtirian/.m2/repository/net/minidev/json-smart/2.4.11/json-smart-2.4.11.jar:/home/xtirian/.m2/repository/net/minidev/accessors-smart/2.4.11/accessors-smart-2.4.11.jar:/home/xtirian/.m2/repository/org/ow2/asm/asm/9.3/asm-9.3.jar:/home/xtirian/.m2/repository/org/assertj/assertj-core/3.24.2/assertj-core-3.24.2.jar:/home/xtirian/.m2/repository/net/bytebuddy/byte-buddy/1.14.9/byte-buddy-1.14.9.jar:/home/xtirian/.m2/repository/org/hamcrest/hamcrest/2.2/hamcrest-2.2.jar:/home/xtirian/.m2/repository/org/junit/jupiter/junit-jupiter/5.9.3/junit-jupiter-5.9.3.jar:/home/xtirian/.m2/repository/org/junit/jupiter/junit-jupiter-api/5.9.3/junit-jupiter-api-5.9.3.jar:/home/xtirian/.m2/repository/org/opentest4j/opentest4j/1.2.0/opentest4j-1.2.0.jar:/home/xtirian/.m2/repository/org/junit/platform/junit-platform-commons/1.9.3/junit-platform-commons-1.9.3.jar:/home/xtirian/.m2/repository/org/apiguardian/apiguardian-api/1.1.2/apiguardian-api-1.1.2.jar:/home/xtirian/.m2/repository/org/junit/jupiter/junit-jupiter-params/5.9.3/junit-jupiter-params-5.9.3.jar:/home/xtirian/.m2/repository/org/junit/jupiter/junit-jupiter-engine/5.9.3/junit-jupiter-engine-5.9.3.jar:/home/xtirian/.m2/repository/org/junit/platform/junit-platform-engine/1.9.3/junit-platform-engine-1.9.3.jar:/home/xtirian/.m2/repository/org/mockito/mockito-core/5.3.1/mockito-core-5.3.1.jar:/home/xtirian/.m2/repository/net/bytebuddy/byte-buddy-agent/1.14.9/byte-buddy-agent-1.14.9.jar:/home/xtirian/.m2/repository/org/objenesis/objenesis/3.3/objenesis-3.3.jar:/home/xtirian/.m2/repository/org/mockito/mockito-junit-jupiter/5.3.1/mockito-junit-jupiter-5.3.1.jar:/home/xtirian/.m2/repository/org/skyscreamer/jsonassert/1.5.1/jsonassert-1.5.1.jar:/home/xtirian/.m2/repository/com/vaadin/external/google/android-json/0.0.20131108.vaadin1/android-json-0.0.20131108.vaadin1.jar:/home/xtirian/.m2/repository/org/springframework/spring-test/6.0.13/spring-test-6.0.13.jar:/home/xtirian/.m2/repository/org/xmlunit/xmlunit-core/2.9.1/xmlunit-core-2.9.1.jar:"/>
    <property name="sun.cpu.endian" value="little"/>
    <property name="user.home" value="/home/xtirian"/>
    <property name="user.language" value="pt"/>
    <property name="java.specification.vendor" value="Oracle Corporation"/>
    <property name="java.version.date" value="2023-09-19"/>
    <property name="java.home" value="/usr/lib/jvm/jdk-21-oracle-x64"/>
    <property name="file.separator" value="/"/>
    <property name="basedir" value="/home/xtirian/xTirian/DIO/projetos/BootcampSantanderDIO/9.SpringBoot/primeiros-passos"/>
    <property name="java.vm.compressedOopsMode" value="Zero based"/>
    <property name="line.separator" value="&#10;"/>
    <property name="java.vm.specification.vendor" value="Oracle Corporation"/>
    <property name="java.specification.name" value="Java Platform API Specification"/>
    <property name="FILE_LOG_CHARSET" value="UTF-8"/>
    <property name="java.awt.headless" value="true"/>
    <property name="surefire.real.class.path" value="/home/xtirian/xTirian/DIO/projetos/BootcampSantanderDIO/9.SpringBoot/primeiros-passos/target/surefire/surefirebooter-20231019231027810_3.jar"/>
    <property name="sun.management.compiler" value="HotSpot 64-Bit Tiered Compilers"/>
    <property name="java.runtime.version" value="21+35-LTS-2513"/>
    <property name="user.name" value="xtirian"/>
    <property name="stdout.encoding" value="UTF-8"/>
    <property name="path.separator" value=":"/>
    <property name="os.version" value="6.2.0-34-generic"/>
    <property name="java.runtime.name" value="Java(TM) SE Runtime Environment"/>
    <property name="file.encoding" value="UTF-8"/>
    <property name="java.vm.name" value="Java HotSpot(TM) 64-Bit Server VM"/>
    <property name="localRepository" value="/home/xtirian/.m2/repository"/>
    <property name="java.vendor.url.bug" value="https://bugreport.java.com/bugreport/"/>
    <property name="java.io.tmpdir" value="/tmp"/>
    <property name="java.version" value="21"/>
    <property name="user.dir" value="/home/xtirian/xTirian/DIO/projetos/BootcampSantanderDIO/9.SpringBoot/primeiros-passos"/>
    <property name="os.arch" value="amd64"/>
    <property name="java.vm.specification.name" value="Java Virtual Machine Specification"/>
    <property name="PID" value="51225"/>
    <property name="CONSOLE_LOG_CHARSET" value="UTF-8"/>
    <property name="native.encoding" value="UTF-8"/>
    <property name="java.library.path" value="/usr/java/packages/lib:/usr/lib64:/lib64:/lib:/usr/lib"/>
    <property name="java.vm.info" value="mixed mode, sharing"/>
    <property name="stderr.encoding" value="UTF-8"/>
    <property name="java.vendor" value="Oracle Corporation"/>
    <property name="java.vm.version" value="21+35-LTS-2513"/>
    <property name="sun.io.unicode.encoding" value="UnicodeLittle"/>
    <property name="java.class.version" value="65.0"/>
  </properties>
  <testcase name="contextLoads" classname="dio.springboot.PrimeirosPassosApplicationTests" time="1.514">
    <system-out><![CDATA[23:10:28.928 [main] INFO org.springframework.test.context.support.AnnotationConfigContextLoaderUtils -- Could not detect default configuration classes for test class [dio.springboot.PrimeirosPassosApplicationTests]: PrimeirosPassosApplicationTests does not declare any static, non-private, non-final, nested classes annotated with @Configuration.
23:10:29.083 [main] INFO org.springframework.boot.test.context.SpringBootTestContextBootstrapper -- Found @SpringBootConfiguration dio.springboot.PrimeirosPassosApplication for test class dio.springboot.PrimeirosPassosApplicationTests

  .   ____          _            __ _ _
 /\\ / ___'_ __ _ _(_)_ __  __ _ \ \ \ \
( ( )\___ | '_ | '_| | '_ \/ _` | \ \ \ \
 \\/  ___)| |_)| | | | | || (_| |  ) ) ) )
  '  |____| .__|_| |_|_| |_\__, | / / / /
 =========|_|==============|___/=/_/_/_/
 :: Spring Boot ::                (v3.1.5)

2023-10-19T23:10:29.760-03:00  INFO 51225 --- [           main] d.s.PrimeirosPassosApplicationTests      : Starting PrimeirosPassosApplicationTests using Java 21 with PID 51225 (started by xtirian in /home/xtirian/xTirian/DIO/projetos/BootcampSantanderDIO/9.SpringBoot/primeiros-passos)
2023-10-19T23:10:29.762-03:00  INFO 51225 --- [           main] d.s.PrimeirosPassosApplicationTests      : No active profile set, falling back to 1 default profile: "default"
2023-10-19T23:10:30.723-03:00  INFO 51225 --- [           main] d.s.PrimeirosPassosApplicationTests      : Started PrimeirosPassosApplicationTests in 1.434 seconds (process running for 2.836)
]]></system-out>
    <system-err><![CDATA[WARNING: A Java agent has been loaded dynamically (/home/xtirian/.m2/repository/net/bytebuddy/byte-buddy-agent/1.14.9/byte-buddy-agent-1.14.9.jar)
WARNING: If a serviceability tool is in use, please run with -XX:+EnableDynamicAgentLoading to hide this warning
WARNING: If a serviceability tool is not in use, please run with -Djdk.instrument.traceUsage for more information
WARNING: Dynamic loading of agents will be disallowed by default in a future release
]]></system-err>
  </testcase>
</testsuite>